[2020-04-26 12:56:29Z INFO HostContext] No proxy settings were found based on environmental variables (http_proxy/https_proxy/HTTP_PROXY/HTTPS_PROXY)
[2020-04-26 12:56:29Z INFO HostContext] Well known directory 'Bin': 'D:\GitHub\laba4\actions-runner\bin'
[2020-04-26 12:56:29Z INFO HostContext] Well known directory 'Root': 'D:\GitHub\laba4\actions-runner'
[2020-04-26 12:56:29Z INFO HostContext] Well known config file 'Credentials': 'D:\GitHub\laba4\actions-runner\.credentials'
[2020-04-26 12:56:29Z INFO Listener] Runner is built for Windows (X64) - win-x64.
[2020-04-26 12:56:29Z INFO Listener] RuntimeInformation: Microsoft Windows 10.0.17763.
[2020-04-26 12:56:29Z INFO Listener] Version: 2.169.1
[2020-04-26 12:56:29Z INFO Listener] Commit: 4f840647b375b65a4efa361abc1b84f783442de6
[2020-04-26 12:56:29Z INFO Listener] Culture: ru-RU
[2020-04-26 12:56:29Z INFO Listener] UI Culture: ru-RU
[2020-04-26 12:56:29Z INFO HostContext] Well known directory 'Bin': 'D:\GitHub\laba4\actions-runner\bin'
[2020-04-26 12:56:29Z INFO HostContext] Well known directory 'Root': 'D:\GitHub\laba4\actions-runner'
[2020-04-26 12:56:29Z INFO Listener] Validating directory permissions for: 'D:\GitHub\laba4\actions-runner'
[2020-04-26 12:56:29Z INFO CommandLineParser] Parse
[2020-04-26 12:56:29Z INFO CommandLineParser] Parsing 5 args
[2020-04-26 12:56:29Z INFO CommandLineParser] parsing argument
[2020-04-26 12:56:29Z INFO CommandLineParser] HasArgs: False
[2020-04-26 12:56:29Z INFO CommandLineParser] Adding Command: configure
[2020-04-26 12:56:29Z INFO CommandLineParser] parsing argument
[2020-04-26 12:56:29Z INFO CommandLineParser] HasArgs: True
[2020-04-26 12:56:29Z INFO CommandLineParser] arg: url
[2020-04-26 12:56:29Z INFO CommandLineParser] parsing argument
[2020-04-26 12:56:29Z INFO CommandLineParser] HasArgs: True
[2020-04-26 12:56:29Z INFO CommandLineParser] Adding option 'url': 'https://github.com/00MRX00/laba4'
[2020-04-26 12:56:29Z INFO CommandLineParser] parsing argument
[2020-04-26 12:56:29Z INFO CommandLineParser] HasArgs: True
[2020-04-26 12:56:29Z INFO CommandLineParser] arg: token
[2020-04-26 12:56:29Z INFO CommandLineParser] parsing argument
[2020-04-26 12:56:29Z INFO CommandLineParser] HasArgs: True
[2020-04-26 12:56:29Z INFO CommandLineParser] Adding option 'token': '***'
[2020-04-26 12:56:29Z INFO Listener] Arguments parsed
[2020-04-26 12:56:29Z INFO Runner] ExecuteCommand
[2020-04-26 12:56:29Z INFO ConfigurationStore] currentAssemblyLocation: D:\GitHub\laba4\actions-runner\bin\Runner.Listener.dll
[2020-04-26 12:56:29Z INFO HostContext] Well known directory 'Bin': 'D:\GitHub\laba4\actions-runner\bin'
[2020-04-26 12:56:29Z INFO ConfigurationStore] binPath: D:\GitHub\laba4\actions-runner\bin
[2020-04-26 12:56:29Z INFO HostContext] Well known directory 'Bin': 'D:\GitHub\laba4\actions-runner\bin'
[2020-04-26 12:56:29Z INFO HostContext] Well known directory 'Root': 'D:\GitHub\laba4\actions-runner'
[2020-04-26 12:56:29Z INFO ConfigurationStore] RootFolder: D:\GitHub\laba4\actions-runner
[2020-04-26 12:56:29Z INFO HostContext] Well known directory 'Bin': 'D:\GitHub\laba4\actions-runner\bin'
[2020-04-26 12:56:29Z INFO HostContext] Well known directory 'Root': 'D:\GitHub\laba4\actions-runner'
[2020-04-26 12:56:29Z INFO HostContext] Well known config file 'Runner': 'D:\GitHub\laba4\actions-runner\.runner'
[2020-04-26 12:56:29Z INFO ConfigurationStore] ConfigFilePath: D:\GitHub\laba4\actions-runner\.runner
[2020-04-26 12:56:29Z INFO HostContext] Well known directory 'Bin': 'D:\GitHub\laba4\actions-runner\bin'
[2020-04-26 12:56:29Z INFO HostContext] Well known directory 'Root': 'D:\GitHub\laba4\actions-runner'
[2020-04-26 12:56:29Z INFO HostContext] Well known config file 'Credentials': 'D:\GitHub\laba4\actions-runner\.credentials'
[2020-04-26 12:56:29Z INFO ConfigurationStore] CredFilePath: D:\GitHub\laba4\actions-runner\.credentials
[2020-04-26 12:56:29Z INFO HostContext] Well known directory 'Bin': 'D:\GitHub\laba4\actions-runner\bin'
[2020-04-26 12:56:29Z INFO HostContext] Well known directory 'Root': 'D:\GitHub\laba4\actions-runner'
[2020-04-26 12:56:29Z INFO HostContext] Well known config file 'MigratedCredentials': 'D:\GitHub\laba4\actions-runner\.credentials_migrated'
[2020-04-26 12:56:29Z INFO ConfigurationStore] MigratedCredFilePath: D:\GitHub\laba4\actions-runner\.credentials_migrated
[2020-04-26 12:56:29Z INFO HostContext] Well known directory 'Bin': 'D:\GitHub\laba4\actions-runner\bin'
[2020-04-26 12:56:29Z INFO HostContext] Well known directory 'Root': 'D:\GitHub\laba4\actions-runner'
[2020-04-26 12:56:29Z INFO HostContext] Well known config file 'Service': 'D:\GitHub\laba4\actions-runner\.service'
[2020-04-26 12:56:29Z INFO ConfigurationStore] ServiceConfigFilePath: D:\GitHub\laba4\actions-runner\.service
[2020-04-26 12:56:29Z INFO CommandSettings] Flag 'help': 'False'
[2020-04-26 12:56:29Z INFO CommandSettings] Flag 'version': 'False'
[2020-04-26 12:56:29Z INFO CommandSettings] Flag 'commit': 'False'
[2020-04-26 12:56:29Z INFO CommandSettings] Command 'configure': 'True'
[2020-04-26 12:56:29Z INFO Terminal] WRITE LINE: 
[2020-04-26 12:56:29Z INFO Terminal] WRITE LINE: --------------------------------------------------------------------------------
[2020-04-26 12:56:29Z INFO Terminal] WRITE LINE: |        ____ _ _   _   _       _          _        _   _                      |
[2020-04-26 12:56:29Z INFO Terminal] WRITE LINE: |       / ___(_) |_| | | |_   _| |__      / \   ___| |_(_) ___  _ __  ___      |
[2020-04-26 12:56:29Z INFO Terminal] WRITE LINE: |      | |  _| | __| |_| | | | | '_ \    / _ \ / __| __| |/ _ \| '_ \/ __|     |
[2020-04-26 12:56:29Z INFO Terminal] WRITE LINE: |      | |_| | | |_|  _  | |_| | |_) |  / ___ \ (__| |_| | (_) | | | \__ \     |
[2020-04-26 12:56:29Z INFO Terminal] WRITE LINE: |       \____|_|\__|_| |_|\__,_|_.__/  /_/   \_\___|\__|_|\___/|_| |_|___/     |
[2020-04-26 12:56:29Z INFO Terminal] WRITE LINE: |                                                                              |
[2020-04-26 12:56:29Z INFO Terminal] WRITE: |                       
[2020-04-26 12:56:29Z INFO Terminal] WRITE: Self-hosted runner registration
[2020-04-26 12:56:29Z INFO Terminal] WRITE LINE:                         |
[2020-04-26 12:56:29Z INFO Terminal] WRITE LINE: |                                                                              |
[2020-04-26 12:56:29Z INFO Terminal] WRITE LINE: --------------------------------------------------------------------------------
[2020-04-26 12:56:29Z INFO ConfigurationManager] ConfigureAsync
[2020-04-26 12:56:29Z INFO ConfigurationStore] IsConfigured()
[2020-04-26 12:56:29Z INFO ConfigurationStore] IsConfigured: False
[2020-04-26 12:56:29Z INFO ConfigurationManager] Is configured: False
[2020-04-26 12:56:29Z INFO CommandSettings] Arg 'url': 'https://github.com/00MRX00/laba4'
[2020-04-26 12:56:29Z INFO CommandSettings] Remove url from Arg dictionary.
[2020-04-26 12:56:29Z INFO CommandSettings] Arg 'token': '***'
[2020-04-26 12:56:29Z INFO CommandSettings] Remove token from Arg dictionary.
[2020-04-26 12:56:30Z INFO ConfigurationManager] Http response code: OK from 'POST https://api.github.com/actions/runner-registration'
[2020-04-26 12:56:30Z INFO ConfigurationManager] cred retrieved via GitHub auth
[2020-04-26 12:56:30Z INFO RunnerServer] Establish connection with 100 seconds timeout.
[2020-04-26 12:56:30Z INFO GitHubActionsService] Starting operation Location.GetConnectionData
[2020-04-26 12:56:30Z INFO RunnerServer] Establish connection with 60 seconds timeout.
[2020-04-26 12:56:30Z INFO GitHubActionsService] Starting operation Location.GetConnectionData
[2020-04-26 12:56:30Z INFO RunnerServer] Establish connection with 60 seconds timeout.
[2020-04-26 12:56:30Z INFO GitHubActionsService] Starting operation Location.GetConnectionData
[2020-04-26 12:56:31Z INFO GitHubActionsService] Finished operation Location.GetConnectionData
[2020-04-26 12:56:32Z INFO GitHubActionsService] Finished operation Location.GetConnectionData
[2020-04-26 12:56:32Z INFO GitHubActionsService] Finished operation Location.GetConnectionData
[2020-04-26 12:56:32Z INFO GitHubActionsService] Starting operation Location.GetConnectionData
[2020-04-26 12:56:32Z INFO GitHubActionsService] Finished operation Location.GetConnectionData
[2020-04-26 12:56:32Z INFO GitHubActionsService] Starting operation Location.GetConnectionData
[2020-04-26 12:56:32Z INFO GitHubActionsService] Finished operation Location.GetConnectionData
[2020-04-26 12:56:33Z INFO GitHubActionsService] Starting operation Location.GetConnectionData
[2020-04-26 12:56:33Z INFO GitHubActionsService] Finished operation Location.GetConnectionData
[2020-04-26 12:56:33Z INFO Terminal] WRITE LINE: 
[2020-04-26 12:56:33Z INFO ConfigurationManager] Test Connection complete.
[2020-04-26 12:56:33Z INFO HostContext] Well known directory 'Bin': 'D:\GitHub\laba4\actions-runner\bin'
[2020-04-26 12:56:33Z INFO HostContext] Well known directory 'Root': 'D:\GitHub\laba4\actions-runner'
[2020-04-26 12:56:33Z INFO HostContext] Well known config file 'RSACredentials': 'D:\GitHub\laba4\actions-runner\.credentials_rsaparams'
[2020-04-26 12:56:33Z INFO RSAEncryptedFileKeyManager] Creating new RSA key using 2048-bit key length
[2020-04-26 12:56:34Z INFO RSAEncryptedFileKeyManager] Successfully saved RSA key parameters to file D:\GitHub\laba4\actions-runner\.credentials_rsaparams
[2020-04-26 12:56:34Z INFO ConfigurationManager] Found a private pool with id {1} and name {2} 1, Default
[2020-04-26 12:56:34Z INFO CommandSettings] Arg 'name': ''
[2020-04-26 12:56:34Z INFO CommandSettings] Flag 'unattended': 'False'
[2020-04-26 12:56:34Z INFO PromptManager] ReadValue
[2020-04-26 12:56:34Z INFO Terminal] WRITE: Enter the name of runner: 
[2020-04-26 12:56:34Z INFO Terminal] WRITE: [press Enter for DESKTOP-3TVF3R4] 
[2020-04-26 12:56:34Z INFO Terminal] READ LINE
[2020-04-26 12:57:07Z INFO Terminal] Read value: '00mrx00'
[2020-04-26 12:57:07Z INFO Terminal] WRITE LINE: 
[2020-04-26 12:57:07Z INFO CommandSettings] Arg 'labels': ''
[2020-04-26 12:57:07Z INFO CommandSettings] Flag 'unattended': 'False'
[2020-04-26 12:57:07Z INFO PromptManager] ReadValue
[2020-04-26 12:57:07Z INFO Terminal] WRITE: This runner will have the following labels: 'self-hosted', 'Windows', 'X64' 
Enter any additional labels (ex. label-1,label-2): 
[2020-04-26 12:57:07Z INFO Terminal] WRITE: [press Enter to skip] 
[2020-04-26 12:57:07Z INFO Terminal] READ LINE
[2020-04-26 12:57:15Z INFO Terminal] Read value: ''
[2020-04-26 12:57:15Z INFO Terminal] WRITE LINE: 
[2020-04-26 12:57:16Z INFO ConfigurationManager] Agent server url resolve by server: 'https://pipelines.actions.githubusercontent.com/serviceHosts/c49358a9-8c8c-49cd-a92d-b37a0eb6f940/'.
[2020-04-26 12:57:16Z INFO ConfigurationStore] Saving OAuth credential @ D:\GitHub\laba4\actions-runner\.credentials
[2020-04-26 12:57:16Z INFO ConfigurationStore] Credentials Saved.
[2020-04-26 12:57:16Z INFO ConfigurationStore] HasCredentials()
[2020-04-26 12:57:16Z INFO ConfigurationStore] stored True
[2020-04-26 12:57:16Z INFO CredentialManager] GetCredentialProvider
[2020-04-26 12:57:16Z INFO CredentialManager] Creating type OAuth
[2020-04-26 12:57:16Z INFO CredentialManager] Creating credential type: OAuth
[2020-04-26 12:57:16Z INFO RSAEncryptedFileKeyManager] Loading RSA key parameters from file D:\GitHub\laba4\actions-runner\.credentials_rsaparams
[2020-04-26 12:57:16Z INFO RunnerServer] Establish connection with 100 seconds timeout.
[2020-04-26 12:57:16Z INFO GitHubActionsService] Starting operation Location.GetConnectionData
[2020-04-26 12:57:16Z INFO RunnerServer] Establish connection with 60 seconds timeout.
[2020-04-26 12:57:16Z INFO GitHubActionsService] Starting operation Location.GetConnectionData
[2020-04-26 12:57:16Z INFO RunnerServer] Establish connection with 60 seconds timeout.
[2020-04-26 12:57:16Z INFO GitHubActionsService] Starting operation Location.GetConnectionData
[2020-04-26 12:57:16Z INFO GitHubActionsService] Finished operation Location.GetConnectionData
[2020-04-26 12:57:16Z INFO GitHubActionsService] Finished operation Location.GetConnectionData
[2020-04-26 12:57:16Z INFO GitHubActionsService] Finished operation Location.GetConnectionData
[2020-04-26 12:57:17Z WARN GitHubActionsService] Authentication failed with status code 401.
WWW-Authenticate: Bearer
Strict-Transport-Security: max-age=2592000
X-TFS-ProcessId: b09ed326-6dfc-4695-b729-d1eab1ef2601
ActivityId: aa2ba950-6798-43ab-bc30-55461119af01
X-TFS-Session: b0b6efb5-fc01-4f6d-bfda-0527218bbe44
X-VSS-E2EID: fa315818-7dc1-4de8-88f5-3ac402c68437
X-VSS-SenderDeploymentId: 193695a0-0dcd-ade4-f810-b10ad24a9829
X-TFS-ServiceError: The+user+%27System%3aPublicAccess%3baaaaaaaa-aaaa-aaaa-aaaa-aaaaaaaaaaaa%27+is+not+authorized+to+access+this+resource.
X-VSS-S2STargetService: 0000005A-0000-8888-8000-000000000000/visualstudio.com
X-MSEdge-Ref: Ref A: 0E0215A79CE9453CBFDF69F1FD70FFD0 Ref B: FRA31EDGE0120 Ref C: 2020-04-26T12:57:16Z
Date: Sun, 26 Apr 2020 12:57:16 GMT

[2020-04-26 12:57:17Z INFO RSAEncryptedFileKeyManager] Loading RSA key parameters from file D:\GitHub\laba4\actions-runner\.credentials_rsaparams
[2020-04-26 12:57:17Z INFO RSAEncryptedFileKeyManager] Loading RSA key parameters from file D:\GitHub\laba4\actions-runner\.credentials_rsaparams
[2020-04-26 12:57:17Z INFO GitHubActionsService] AAD Correlation ID for this token request: Unknown
[2020-04-26 12:57:18Z INFO CommandSettings] Arg 'work': ''
[2020-04-26 12:57:18Z INFO CommandSettings] Flag 'unattended': 'False'
[2020-04-26 12:57:18Z INFO PromptManager] ReadValue
[2020-04-26 12:57:18Z INFO Terminal] WRITE: Enter name of work folder: 
[2020-04-26 12:57:18Z INFO Terminal] WRITE: [press Enter for _work] 
[2020-04-26 12:57:18Z INFO Terminal] READ LINE
[2020-04-26 12:57:25Z INFO Terminal] Read value: ''
[2020-04-26 12:57:25Z INFO PromptManager] Falling back to the default: '_work'
[2020-04-26 12:57:25Z INFO ConfigurationStore] Saving runner settings.
[2020-04-26 12:57:25Z INFO ConfigurationStore] Settings Saved.
[2020-04-26 12:57:25Z INFO Terminal] WRITE LINE: 
[2020-04-26 12:57:25Z INFO Terminal] WRITE LINE: 
[2020-04-26 12:57:25Z INFO CommandSettings] Flag 'runasservice': 'False'
[2020-04-26 12:57:25Z INFO CommandSettings] Flag 'unattended': 'False'
[2020-04-26 12:57:25Z INFO PromptManager] ReadValue
[2020-04-26 12:57:25Z INFO Terminal] WRITE: Would you like to run the runner as service? (Y/N) 
[2020-04-26 12:57:25Z INFO Terminal] WRITE: [press Enter for N] 
[2020-04-26 12:57:25Z INFO Terminal] READ LINE
[2020-04-26 12:57:30Z INFO Terminal] Read value: 'y'
[2020-04-26 12:57:30Z INFO ConfigurationManager] Configuring to run the agent as service
[2020-04-26 12:57:30Z ERR  WindowsServiceControlManager] Needs Administrator privileges for configure runner as windows service.
[2020-04-26 12:57:30Z ERR  Runner] System.Security.SecurityException: Needs Administrator privileges for configuring runner as windows service.
   at GitHub.Runner.Listener.Configuration.WindowsServiceControlManager.ConfigureService(RunnerSettings settings, CommandSettings command)
   at GitHub.Runner.Listener.Configuration.ConfigurationManager.ConfigureAsync(CommandSettings command)
   at GitHub.Runner.Listener.Runner.ExecuteCommand(CommandSettings command)
[2020-04-26 12:57:30Z ERR  Terminal] WRITE ERROR: Needs Administrator privileges for configuring runner as windows service.
